<?xml version="1.0" encoding="UTF-8"?>
<!-- Generated by org.testng.reporters.JUnitReportReporter -->
<testsuite skipped="0" hostname="Remyas-Air.hsd1.ca.comcast.net" name="day11.TC006" tests="1" failures="0" timestamp="2021-03-10T23:25:09 PST" time="6.048" errors="0">
  <testcase name="Test1" time="6.048" classname="day11.TC006"/>
  <system-out>
the user is in https://www.google.com/  </system-out>
</testsuite> <!-- day11.TC006 -->
