<?xml version="1.0" encoding="UTF-8"?>
<!-- Generated by org.testng.reporters.JUnitReportReporter -->
<testsuite skipped="0" hostname="Remyas-Air.hsd1.ca.comcast.net" name="day11.TC005" tests="1" failures="0" timestamp="2021-03-10T23:25:09 PST" time="4.841" errors="0">
  <testcase name="searchProduct" time="4.841" classname="day11.TC005"/>
  <system-out>
User is in https://www.amazon.com/s?k=iphone+12&ref=nb_sb_noss Page title is Amazon.com : iphone 12  </system-out>
</testsuite> <!-- day11.TC005 -->
